
==============
20260331202213
==============
untracked file, adding: T5 Đá Tây 19_3.md
untracked file, adding: T4 ngày 18_3.md
untracked file, adding: T2 23_3 Đảo Thuyền Chài.md
untracked file, adding: T7 21_3 Trường Sa Đông.md
untracked file, adding: Chiều Thứ 4 18_3 Đá Tây.md
untracked file, adding: Say sóng....md
untracked file, adding: T2 16_3.md
untracked file, adding: T3 24_3 đảo Thuyền Chài D.md
untracked file, adding: T6 27_3 Thuyền Chài D.md
untracked file, adding: T3 31_3 sắp về nhà.md
untracked file, adding: Tivi trên tàu.md
untracked file, adding: T5 ngày 19_3 đảo Đá Tây.md
untracked file, adding: CN 22_3 đảo An Bang.md
untracked file, adding: T2 30_3 Quay lại đảo Trường Sa Đông.md
untracked file, adding: T7 28_3 đảo Thuyền Chài D.md
untracked file, adding: T6 20_3 Đá Tây.md
untracked file, adding: T5 26_3 Thuyền Chài D.md
untracked file, adding: T6 Trường Sa Đông 20_3.md
untracked file, adding: CN 29_3 đảo Thuyền Chài D, ngày cuối.md
untracked file, adding: T3 17_3 đảo Đá Lát.md
untracked file, adding: T4 25_3 đảo Thuyền Chài D.md


==============
20260331224730
==============
untracked file, adding: T4 1_4 Cam Ranh.md

