
==============
20260413205323
==============
untracked file, adding: Untitled.md


==============
20260413205852
==============
untracked file, adding: Cach học tieng anh.md


==============
20260413205915
==============
untracked file, adding: Untitled.md


==============
20260413210027
==============
untracked file, adding: Cach hoc tieng anh.md


==============
20260413210334
==============
untracked file, adding: Cach hoc anh vab.md


==============
20260413210540
==============
untracked file, adding: Lamthenao.md


==============
20260413210628
==============
untracked file, adding: Untitled.md

