
==============
20260421233855
==============
untracked file, adding: .zettel-notes/patches/11/e641ef2c-6421-45d5-b634-a804fe986601.diff
untracked file, adding: .zettel-notes/patches/10/1078125b-2fd2-4c29-9ec2-cac73b932279.diff
untracked file, adding: .zettel-notes/patches/28/ae8ee044-430b-4bd0-8314-39f46c6aa9f7.diff
untracked file, adding: .zettel-notes/patches/56/b5ba7ec9-a991-4c0e-a8e7-a7135d370d17.diff
untracked file, adding: .zettel-notes/recycle-bin/.info/Untitled_1.md.trashinfo
untracked file, adding: .zettel-notes/patches/11/329ebdd0-4358-4794-a83f-d22d28c5d269.diff
untracked file, adding: .zettel-notes/patches/24/120ce7f0-0d72-4cc9-95b1-0f079cb951d1.diff
untracked file, adding: .zettel-notes/patches/26/e69e80a2-9a1e-4011-9ea9-106920271365.diff
untracked file, adding: .zettel-notes/patches/19/b550f607-b9a5-4ccf-a8ac-26a8a2a3551e.diff
untracked file, adding: .zettel-notes/patches/25/1b914bdc-d874-43c1-b94e-4f0787e6b03d.diff
untracked file, adding: .zettel-notes/patches/21/f145939c-f201-4d76-ba04-2c8f614c7978.diff
untracked file, adding: .zettel-notes/patches/15/477d34c2-741b-46f0-9375-d6521caa4ddd.diff
untracked file, adding: .zettel-notes/patches/17/ff73881e-1263-4f45-a6ce-69073b2aa481.diff
untracked file, adding: .zettel-notes/patches/23/9dda8e10-e8c3-42b3-9123-3582186d9ea9.diff
untracked file, adding: .zettel-notes/patches/26/40c7a072-727a-4ad8-a492-6665fcada9d9.diff
untracked file, adding: .zettel-notes/patches/63/62511aeb-f97e-4ba7-a642-357270f972dc.diff
untracked file, adding: .zettel-notes/patches/27/7b7fcaec-d772-48ed-be3b-a3029fdd7070.diff
untracked file, adding: .zettel-notes/patches/6/a72c6356-5db6-422f-84a2-8982870caccd.diff
untracked file, adding: .zettel-notes/patches/10/00f743c8-dd61-45a1-b578-bd1a916b09e0.diff
untracked file, adding: .zettel-notes/patches/48/7ff964f6-0731-43eb-9905-4159eb29d682.diff
untracked file, adding: .zettel-notes/patches/57/9dcd9234-47f2-4d05-9e81-91fea71684c4.diff
untracked file, adding: .zettel-notes/patches/10/74aadad5-c70d-4480-bd62-7d799ed13ee6.diff
untracked file, adding: .zettel-notes/logs/sync/2026-04-03.log
untracked file, adding: .zettel-notes/patches/31/a6dddb44-5eb1-4f59-b4a0-7b14d19cb20b.diff
untracked file, adding: .zettel-notes/patches/18/047c6113-1682-4380-96d1-aaae929f8ddd.diff
untracked file, adding: .zettel-notes/patches/11/8ec0e913-9d0a-4fff-801d-da33eb795ec1.diff
untracked file, adding: .zettel-notes/patches/6/9fc9ac24-d3af-4c90-adfc-fc004a6ea9a5.diff
untracked file, adding: .zettel-notes/patches/6/367508de-68a1-4366-bd07-aeedd0f1612d.diff
untracked file, adding: .zettel-notes/patches/60/0d9638d5-bfcc-4d9e-b853-f73cc12d5e3e.diff
untracked file, adding: .zettel-notes/patches/34/ff9e88b9-3e9a-4058-9bf5-c1bd2a14f89a.diff
untracked file, adding: .zettel-notes/patches/52/402d1565-7314-444c-b1ab-acf57bdb17d6.diff
untracked file, adding: .zettel-notes/patches/18/5de4804f-ecc1-4eb4-9fec-5426a1ebc9ee.diff
untracked file, adding: .zettel-notes/logs/sync/2026-04-06.log
untracked file, adding: .zettel-notes/patches/53/7dcd61d4-70c4-45a5-a385-e22b2d9a0d88.diff
untracked file, adding: .zettel-notes/patches/19/ad538b82-d08c-4232-81f0-02e23825d263.diff
untracked file, adding: .zettel-notes/patches/26/e0bfad3b-503d-4f87-a78a-14c8f3fd7855.diff
untracked file, adding: .zettel-notes/patches/25/5148015f-47c4-4730-b424-683c762111fb.diff
untracked file, adding: .zettel-notes/patches/33/b6900cac-a281-4f5f-953f-7f5e8953547a.diff
untracked file, adding: .zettel-notes/patches/26/1fbeef79-51c1-44e2-8a8e-c67eb573cb5f.diff
untracked file, adding: .zettel-notes/patches/19/9bbd9a81-ad56-46a1-b6f9-35ebeeb7304d.diff
untracked file, adding: .zettel-notes/patches/35/c3a9b86f-b2c9-4619-bef2-6352ea218890.diff
untracked file, adding: .zettel-notes/patches/11/9271f969-f855-4045-8442-4a7caf147c42.diff
untracked file, adding: .zettel-notes/patches/27/1dce1dfd-e8c0-4676-a0f1-990ef7ebfae6.diff
untracked file, adding: .zettel-notes/patches/10/a14405bb-3cd8-4841-93c1-9bb46a1eb7e6.diff
untracked file, adding: .zettel-notes/patches/26/91478b24-f0e7-4c70-bc51-a768ed789c02.diff
untracked file, adding: .zettel-notes/patches/10/3a8a7dde-47a7-4e41-80af-ced1cb7fb8e1.diff
untracked file, adding: .zettel-notes/patches/15/87f2ae18-0fd7-472a-a3a1-b92e14f0f8a7.diff
untracked file, adding: .zettel-notes/patches/23/a113d7a7-be76-4225-8cfc-f1a0aa64d4f0.diff
untracked file, adding: .zettel-notes/patches/8/4a1f494a-46da-43d5-bf52-295b8765e7c8.diff
untracked file, adding: .zettel-notes/patches/30/e85738f3-4a75-4c53-91a6-f658d59c1933.diff
untracked file, adding: .zettel-notes/patches/27/81cb2945-2364-4370-afd7-4eee6194df58.diff
untracked file, adding: .zettel-notes/patches/11/57682692-f416-4c72-a8f4-e0b90d15f456.diff
untracked file, adding: .zettel-notes/patches/13/dadea3a3-e07d-4497-9fe6-936308789b7d.diff
untracked file, adding: .zettel-notes/patches/10/575c700d-8141-459b-829f-ce4b37e9d658.diff
untracked file, adding: .zettel-notes/logs/sync/2026-04-09.log
untracked file, adding: .zettel-notes/patches/34/ef3c4870-572b-481d-ab05-9c1577ad679e.diff
untracked file, adding: .zettel-notes/patches/6/1e18f728-6a9c-4268-940d-c85dbeeaf45f.diff
untracked file, adding: .zettel-notes/patches/6/f8a322a7-afed-4d06-a754-0cee27d7cdbc.diff
untracked file, adding: .zettel-notes/patches/16/376d0b5e-e67f-4488-a5ab-48352af76695.diff
untracked file, adding: .zettel-notes/patches/21/7e013f49-dbfb-49d2-93ee-3bc45e8fc55e.diff
untracked file, adding: .zettel-notes/recycle-bin/.info/image.md.trashinfo
untracked file, adding: .zettel-notes/patches/10/1b9dceae-cfb7-4465-96e4-95e242a33dc0.diff
untracked file, adding: .zettel-notes/patches/17/b883b9b6-a619-41d9-a1cd-d72aa3355a44.diff
untracked file, adding: .zettel-notes/patches/6/28308268-03b2-4a99-955d-6ff3f287f23b.diff
untracked file, adding: .zettel-notes/patches/23/fbf41caa-dc3e-4966-970a-ceee521a031a.diff
untracked file, adding: .zettel-notes/patches/40/18af3e56-fe5b-4703-b523-10210a00aae7.diff
untracked file, adding: .zettel-notes/patches/10/0c2c4cce-6287-4737-b1d8-dd5f4aad65fa.diff
untracked file, adding: .zettel-notes/patches/59/abf620b7-cb40-4635-a74e-22ca38d44872.diff
untracked file, adding: .zettel-notes/patches/6/ca8d3504-5c08-4539-82bc-a278ff656be3.diff
untracked file, adding: .zettel-notes/patches/18/27a3f356-c7b3-4cae-8b7d-9640f761fe35.diff
untracked file, adding: .zettel-notes/patches/11/480401c9-04e5-4484-9f55-e1264fa55d1d.diff
untracked file, adding: .zettel-notes/patches/13/58ba7f98-e44a-4329-840e-5794af4bfc5b.diff
untracked file, adding: .zettel-notes/patches/7/7bd01565-8409-4361-a7a9-aae860033218.diff
untracked file, adding: .zettel-notes/patches/10/16eade00-33db-48c1-9982-cb623dd7d910.diff
untracked file, adding: .zettel-notes/patches/34/4bbfd5fd-cea7-4b0a-a6b2-e55aa5ba8a01.diff
untracked file, adding: .zettel-notes/patches/42/4ec5e554-2dfe-4a2e-b582-f1dd4b7a5925.diff
untracked file, adding: .zettel-notes/patches/58/6e3e25e6-18ab-46ad-8e45-f1bb60280f98.diff
untracked file, adding: .zettel-notes/patches/10/c4382876-a07a-4b35-8b88-f5f07713b2f7.diff
untracked file, adding: .zettel-notes/patches/27/c1c398af-f944-498d-a81f-b5ab5f7f4668.diff
untracked file, adding: .zettel-notes/patches/11/3d355c5d-2a7c-4f9c-88e6-14057b0194fd.diff
untracked file, adding: .zettel-notes/patches/28/0c4dfd0f-c3ab-41ef-977c-57df8e596fab.diff
untracked file, adding: .zettel-notes/patches/10/a8a4e3f9-ad2f-41ed-a02e-527ce8c99432.diff
untracked file, adding: .zettel-notes/patches/6/63d9db81-4742-4145-8971-2b5cfc446b75.diff
untracked file, adding: .zettel-notes/logs/sync/2026-03-31.log
untracked file, adding: .zettel-notes/patches/6/a176702e-2e6f-486c-9e88-2f9f2e9bdf54.diff
untracked file, adding: .zettel-notes/recycle-bin/.info/Cach hoc anh vab.md.trashinfo
untracked file, adding: .zettel-notes/patches/43/8ea779e2-da92-4123-bb57-dcd01d4b5437.diff
untracked file, adding: .zettel-notes/patches/22/47ce3509-ca49-44e8-a5a0-283fa6ff34a4.diff
untracked file, adding: .zettel-notes/recycle-bin/.info/Cach học tieng anh.md.trashinfo
untracked file, adding: .zettel-notes/patches/15/b2f24d87-136b-427d-8b8c-79eab4ea2f45.diff
untracked file, adding: .zettel-notes/patches/25/fd5413e6-e607-4b06-b091-875097bfe02b.diff
untracked file, adding: .zettel-notes/patches/45/2139f115-aa3e-4e35-815f-bd642146f5e9.diff
untracked file, adding: .zettel-notes/patches/13/4ca12134-78a7-4858-b2c4-060be76faea8.diff
untracked file, adding: .zettel-notes/patches/15/464e1158-097f-4203-be4d-86a8caf94b9f.diff
untracked file, adding: .zettel-notes/patches/38/d7952397-a34e-4bf9-8f10-840781719fdd.diff
untracked file, adding: .zettel-notes/patches/24/6bbdd14d-83b1-4bb3-bb5c-70f82d83b529.diff
untracked file, adding: .zettel-notes/patches/34/6c29b550-99fd-438d-beb6-fcca21e8c5b9.diff
untracked file, adding: .zettel-notes/patches/19/358aaae4-9b04-47c8-8a4c-493997c8fbcd.diff
untracked file, adding: .zettel-notes/patches/10/0c204abc-ddc9-4b1f-9fac-4f201ff7e568.diff
untracked file, adding: .zettel-notes/patches/29/5fde72a7-51c2-43c7-ae7e-b5a19c971662.diff
untracked file, adding: .zettel-notes/patches/10/ef2ef363-d060-4290-ac49-ca7b0a29e49b.diff
untracked file, adding: .zettel-notes/patches/15/2f74f3be-f5ef-4871-9b2b-a1d1b41a8a8d.diff
untracked file, adding: .zettel-notes/patches/20/a3c3df36-004e-45bc-9611-7bee2a6ecaea.diff
untracked file, adding: .zettel-notes/patches/23/bde0737e-8ac8-4033-8cbc-c79b14e46242.diff
untracked file, adding: .zettel-notes/patches/37/d2857370-dbb6-4e1f-a569-45bb128872ea.diff
untracked file, adding: .zettel-notes/patches/34/ade6ce31-7066-4672-8c49-f115c0628c88.diff
untracked file, adding: .zettel-notes/patches/53/3da6757f-bda8-4375-ac65-6a3622fcbb4c.diff
untracked file, adding: .zettel-notes/patches/11/3788727d-d11a-4e00-83f3-b31767df58df.diff
untracked file, adding: .zettel-notes/patches/41/d0563e93-e663-4b7b-8718-88632ef43b95.diff
untracked file, adding: .zettel-notes/patches/30/a49af948-dd9e-4bc0-8940-c537c632349a.diff
untracked file, adding: .zettel-notes/patches/28/d1a402f2-849a-439d-93fb-8247c694fe6b.diff
untracked file, adding: .zettel-notes/patches/25/45a72137-94e2-49db-829d-7efe3ea214ed.diff
untracked file, adding: .zettel-notes/patches/7/b0bac2e2-2dde-44b8-8713-4d522120069c.diff
untracked file, adding: .zettel-notes/patches/47/7d79d98b-5c12-4404-bff0-163ed10524dc.diff
untracked file, adding: .zettel-notes/patches/11/53f6761a-04ac-4850-a9d0-0eb221f3fdc7.diff
untracked file, adding: .zettel-notes/patches/19/c09628c9-91cf-4f99-8422-2dcfed9457e0.diff
untracked file, adding: .zettel-notes/recycle-bin/.info/Testinggggg.md.trashinfo
untracked file, adding: .zettel-notes/patches/22/fedcb11c-531b-4dfe-955c-22273a9857df.diff
untracked file, adding: .zettel-notes/patches/19/8eca5a53-a2e6-4693-8981-57caf533033a.diff
untracked file, adding: .zettel-notes/patches/10/3ed07a40-2701-4f48-9bcd-a43d6777bc61.diff
untracked file, adding: .zettel-notes/patches/20/63ab23dc-ee90-47de-955b-867ebe5df811.diff
untracked file, adding: .zettel-notes/patches/39/1373df44-f98d-450e-a234-fb587880e991.diff
untracked file, adding: .zettel-notes/patches/11/5689193a-75c8-4066-ad94-536ffa4fbdca.diff
untracked file, adding: .zettel-notes/patches/15/62f16216-610c-46de-aab0-f0beeb877051.diff
untracked file, adding: .zettel-notes/patches/11/37d38c9d-1cab-4cfe-8a8f-3520284748e8.diff
untracked file, adding: .zettel-notes/patches/27/3dacbd91-0cb1-4f8e-be50-209ccfcae4ff.diff
untracked file, adding: .zettel-notes/patches/8/cc6d80b9-052c-4dc3-b77c-3fab075c7dbb.diff
untracked file, adding: .zettel-notes/patches/10/48cddcdd-23ab-4b46-8352-d89326ac1872.diff
untracked file, adding: .zettel-notes/patches/7/73edc39b-88b3-4fe8-950f-e17a00e2dbdd.diff
untracked file, adding: .zettel-notes/patches/16/fe557359-4963-4fc5-9621-94a4c0b596e7.diff
untracked file, adding: .zettel-notes/patches/19/0451693b-b553-40ce-8888-cead53e1cfbe.diff
untracked file, adding: .zettel-notes/patches/25/408b607a-90c1-46d0-a941-a5dddf98f818.diff
untracked file, adding: .zettel-notes/recycle-bin/.info/Untitled.md.trashinfo
untracked file, adding: .zettel-notes/patches/15/ad97dd1a-481c-4054-a71e-9b6e781b7c07.diff
untracked file, adding: .zettel-notes/patches/11/4614faea-2fdd-40f0-9c92-d540ff75d3e5.diff
untracked file, adding: .zettel-notes/patches/25/adceb193-31d8-44cc-b53b-80c1fe824175.diff
untracked file, adding: .zettel-notes/patches/19/39162e5b-65ed-4895-b918-26072b9cf2dc.diff
untracked file, adding: .zettel-notes/patches/6/2f38383c-b901-4397-b97e-46ecf72860b0.diff
untracked file, adding: .zettel-notes/patches/6/8592661e-b170-4d5c-9a60-13b93a2676ab.diff
untracked file, adding: .zettel-notes/patches/51/5c321739-c0be-4861-be09-0436a2bca9a4.diff
untracked file, adding: .zettel-notes/patches/10/6a138834-b954-43bc-b596-7640d112f3d3.diff
untracked file, adding: .zettel-notes/patches/35/f4cb0280-c86c-4942-b998-39ae9d1c24c0.diff
untracked file, adding: .zettel-notes/patches/25/5594e26b-d6a5-475b-a03b-1389cb37f5bb.diff
untracked file, adding: .zettel-notes/patches/34/e31f8935-c716-4397-b44e-c96160205495.diff
untracked file, adding: .zettel-notes/patches/22/39ed4821-22d9-4dad-bda6-6bb5bb00fe31.diff
untracked file, adding: .zettel-notes/patches/44/61245324-3467-4ac2-b191-29fe6f7fd0f7.diff
untracked file, adding: .zettel-notes/patches/64/d7caf692-90d0-4aef-a2a9-199ef9ac680a.diff
untracked file, adding: .zettel-notes/config.toml
untracked file, adding: .zettel-notes/patches/19/3ff64762-deea-4685-9e50-30a20094d88a.diff
untracked file, adding: .zettel-notes/patches/28/ced27d79-3ad7-4659-861c-a9c568af2b63.diff
untracked file, adding: .zettel-notes/patches/17/9961a68c-d334-4775-a956-a429f55f961f.diff
untracked file, adding: .zettel-notes/patches/20/072b2b3b-b6cd-4926-bce4-196eab12f7fb.diff
untracked file, adding: .zettel-notes/patches/54/0246f007-e1a9-481f-aa84-6539d14d4caa.diff
untracked file, adding: .zettel-notes/patches/50/a846a45a-79f1-498f-b195-d2b29a01e375.diff
untracked file, adding: .zettel-notes/patches/62/37b93497-2008-4883-81b8-242c3a0f9822.diff
untracked file, adding: .zettel-notes/patches/10/9493b113-461c-45f1-a0cd-472fec729878.diff
untracked file, adding: .zettel-notes/patches/55/4675708e-91d9-472e-97c9-35b9a88899a9.diff
untracked file, adding: .zettel-notes/patches/6/c95a51b9-350b-427a-bd6d-9aa1ee6d085e.diff
untracked file, adding: .zettel-notes/patches/25/f0d0dbed-3442-4a1d-90fd-496725a6f041.diff
untracked file, adding: .zettel-notes/patches/19/28126dd8-6544-4a99-9314-2cc12ba833c3.diff
untracked file, adding: .zettel-notes/patches/6/2161e84b-22aa-4cf1-b1b2-c5e78f698466.diff
untracked file, adding: .zettel-notes/recycle-bin/.info/Untitled_3.md.trashinfo
untracked file, adding: .zettel-notes/logs/sync/2026-04-02.log
untracked file, adding: .zettel-notes/recycle-bin/.info/Cach hoc tieng anh.md.trashinfo
untracked file, adding: .zettel-notes/patches/10/03f0739c-c724-4138-8965-a1c2fc2826e8.diff
untracked file, adding: .zettel-notes/patches/15/bca6725a-e926-486c-8b86-8d6740a29343.diff
untracked file, adding: .zettel-notes/patches/7/2a3eb9ff-b2b5-4f14-a11e-c506454341a6.diff
untracked file, adding: .zettel-notes/patches/7/000166e1-c3bc-44ab-9e07-07795a3ef725.diff
untracked file, adding: .zettel-notes/patches/24/bb5372e3-5460-426d-a120-b0b02153daa3.diff
untracked file, adding: .zettel-notes/patches/25/9c6d439b-1ef1-47a2-846e-14761fb9646d.diff
untracked file, adding: .zettel-notes/patches/26/f104e1a8-8ccd-45d0-8818-8d1cfbadb1f1.diff
untracked file, adding: .zettel-notes/patches/49/cdae2ffa-b667-4089-aab2-f8b9f95c6391.diff
untracked file, adding: .zettel-notes/patches/34/58b27637-7442-4b44-822f-715e6ad83b2e.diff
untracked file, adding: .zettel-notes/patches/27/0048d5e8-36da-42d7-881d-09021dad7b73.diff
untracked file, adding: .zettel-notes/patches/10/d84c7ef9-67e0-4f5c-a69b-63f5cae21cf1.diff
untracked file, adding: .zettel-notes/patches/22/b5de299c-a87e-4452-a82b-f2aaef70f1ef.diff
untracked file, adding: .zettel-notes/patches/27/e4d415ff-d39b-4865-8152-e1749097ec3f.diff
untracked file, adding: .zettel-notes/recycle-bin/.info/Lamthenao.md.trashinfo
untracked file, adding: .zettel-notes/logs/sync/2026-04-13.log
untracked file, adding: .zettel-notes/patches/11/6640c675-73aa-41e3-b222-4dd6213b293e.diff
untracked file, adding: .zettel-notes/patches/11/cd4056db-dab9-4bc6-9d51-1807cb371f1c.diff
untracked file, adding: .zettel-notes/patches/27/665c90db-084c-49ec-90a9-c097d411e17b.diff
untracked file, adding: .zettel-notes/patches/11/d33ac0db-8abd-4b92-bbf0-d50fa9118d29.diff
untracked file, adding: .zettel-notes/patches/19/41552d74-9ee0-4a9f-b4d4-32744506768b.diff
untracked file, adding: .zettel-notes/recycle-bin/.info/Untitled_2.md.trashinfo
untracked file, adding: .zettel-notes/patches/61/e7557b20-6587-4c61-9870-9ccc322c6ebe.diff
untracked file, adding: .zettel-notes/patches/15/a06ee4f8-0bcf-49c3-b41e-5fefbd464034.diff
untracked file, adding: .zettel-notes/logs/sync/2026-03-16.log
untracked file, adding: .zettel-notes/patches/34/13c417fd-994b-45db-ac99-7a7615c6d753.diff
untracked file, adding: .zettel-notes/patches/11/d69c25d2-d467-4257-8637-57eeb3bf4446.diff
untracked file, adding: .zettel-notes/patches/18/3a9f0853-37b7-4f71-a901-416e4a688a39.diff
untracked file, adding: .zettel-notes/patches/25/df5b61ac-8bb7-4469-9333-16290a825128.diff
untracked file, adding: .zettel-notes/patches/10/405c4c6b-c717-47a7-841f-829ece497407.diff


==============
20260421233905
==============
untracked file, adding: .zettel-notes/logs/sync/2026-04-21.log

